2016-12-06 22:50:77: INFO  Start processing
2016-12-06 22:50:98: INFO  Hexo is running at http://localhost:3092/. Press Ctrl+C to stop.
2016-12-06 22:50:07: INFO  Bye!
2016-12-06 22:50:48: INFO  Start processing
2016-12-06 22:50:71: INFO  Hexo is running at http://localhost:3092/. Press Ctrl+C to stop.
2016-12-06 22:50:78: INFO  See you again
2016-12-06 22:50:66: INFO  Start processing
2016-12-06 22:50:99: INFO  Hexo is running at http://localhost:3092/. Press Ctrl+C to stop.
2016-12-06 22:50:03: INFO  Bye!
2016-12-06 22:50:24: INFO  Start processing
2016-12-06 22:50:57: INFO  Hexo is running at http://localhost:3092/. Press Ctrl+C to stop.
2016-12-06 22:50:59: INFO  Bye!
2016-12-06 22:50:47: INFO  Start processing
2016-12-06 22:50:76: INFO  Hexo is running at http://localhost:3092/. Press Ctrl+C to stop.
2016-12-06 22:50:86: INFO  Good bye
2016-12-06 22:50:56: INFO  Start processing
2016-12-06 22:50:84: INFO  Hexo is running at http://localhost:3092/. Press Ctrl+C to stop.
2016-12-06 22:50:92: INFO  See you again
2016-12-06 22:50:35: INFO  Start processing
2016-12-06 22:50:78: INFO  Hexo is running at http://localhost:3092/. Press Ctrl+C to stop.
2016-12-06 22:50:88: INFO  Catch you later
2016-12-06 22:50:24: INFO  Start processing
2016-12-06 22:50:48: INFO  Hexo is running at http://localhost:3092/. Press Ctrl+C to stop.
2016-12-06 22:50:52: INFO  Farewell
2016-12-06 22:50:09: INFO  Start processing
2016-12-06 22:50:36: INFO  Hexo is running at http://localhost:3092/. Press Ctrl+C to stop.
2016-12-06 22:50:47: INFO  Farewell
